<?xml version="1.0" encoding="UTF-8"?>
<testsuite name="dataStructure.DoublyLinkedListImplTest" tests="11" skipped="0" failures="0" errors="0" timestamp="2022-08-03T17:04:49" hostname="Rummenigges-MacBook-Pro.local" time="0.043">
  <properties/>
  <testcase name="assert push success" classname="dataStructure.DoublyLinkedListImplTest" time="0.024"/>
  <testcase name="assert insertAfter success" classname="dataStructure.DoublyLinkedListImplTest" time="0.001"/>
  <testcase name="assert append success" classname="dataStructure.DoublyLinkedListImplTest" time="0.002"/>
  <testcase name="testRemoveAfter" classname="dataStructure.DoublyLinkedListImplTest" time="0.001"/>
  <testcase name="assert get by position success" classname="dataStructure.DoublyLinkedListImplTest" time="0.001"/>
  <testcase name="removeByKeyRecursively" classname="dataStructure.DoublyLinkedListImplTest" time="0.0"/>
  <testcase name="removeByKey" classname="dataStructure.DoublyLinkedListImplTest" time="0.001"/>
  <testcase name="assert removeAfter success" classname="dataStructure.DoublyLinkedListImplTest" time="0.003"/>
  <testcase name="assert get success" classname="dataStructure.DoublyLinkedListImplTest" time="0.001"/>
  <testcase name="removeLast" classname="dataStructure.DoublyLinkedListImplTest" time="0.001"/>
  <testcase name="assert removeHead success" classname="dataStructure.DoublyLinkedListImplTest" time="0.001"/>
  <system-out><![CDATA[]]></system-out>
  <system-err><![CDATA[]]></system-err>
</testsuite>
